#
# There is insufficient memory for the Java Runtime Environment to continue.
# Native memory allocation (mmap) failed to map 268435456 bytes for Failed to commit area from 0x0000000701200000 to 0x0000000711200000 of length 268435456.
# Possible reasons:
#   The system is out of physical RAM or swap space
#   The process is running with CompressedOops enabled, and the Java Heap may be blocking the growth of the native heap
# Possible solutions:
#   Reduce memory load on the system
#   Increase physical memory or swap space
#   Check if swap backing store is full
#   Decrease Java heap size (-Xmx/-Xms)
#   Decrease number of Java threads
#   Decrease Java thread stack sizes (-Xss)
#   Set larger code cache with -XX:ReservedCodeCacheSize=
# This output file may be truncated or incomplete.
#
#  Out of Memory Error (./src/hotspot/os/windows/os_windows.cpp:3301), pid=8980, tid=11440
#
# JRE version:  (11.0.10) (build )
# Java VM: OpenJDK 64-Bit Server VM (11.0.10+0-b96-7249189, mixed mode, sharing, tiered, compressed oops, g1 gc, windows-amd64)
# No core dump will be written. Minidumps are not enabled by default on client versions of Windows
#

---------------  S U M M A R Y ------------

Command Line: org.jetbrains.git4idea.http.GitAskPassApp Username for 'https://github.com': 

Host: Intel(R) Core(TM) i5-6500 CPU @ 3.20GHz, 4 cores, 15G,  Windows 10 , 64 bit Build 19041 (10.0.19041.1348)
Time: Mon Jan 10 23:11:38 2022 Новосибирское стандартное время elapsed time: 0.054588 seconds (0d 0h 0m 0s)

---------------  T H R E A D  ---------------

Current thread (0x000002467872c000):  JavaThread "Unknown thread" [_thread_in_vm, id=11440, stack(0x0000009997200000,0x0000009997300000)]

Stack: [0x0000009997200000,0x0000009997300000]
Native frames: (J=compiled Java code, j=interpreted, Vv=VM code, C=native code)
V  [jvm.dll+0x5ecfaa]
V  [jvm.dll+0x722bd5]
V  [jvm.dll+0x72412d]
V  [jvm.dll+0x7247e3]
V  [jvm.dll+0x242928]
V  [jvm.dll+0x5ea374]
V  [jvm.dll+0x5df425]
V  [jvm.dll+0x2fdebb]
V  [jvm.dll+0x2fde2a]
V  [jvm.dll+0x2fdd02]
V  [jvm.dll+0x302bf6]
V  [jvm.dll+0x34b2a3]
V  [jvm.dll+0x34b9a6]
V  [jvm.dll+0x34b3a3]
V  [jvm.dll+0x2d8888]
V  [jvm.dll+0x2d9a37]
V  [jvm.dll+0x701737]
V  [jvm.dll+0x702f2c]
V  [jvm.dll+0x3587d9]
V  [jvm.dll+0x6e4fae]
V  [jvm.dll+0x3c0be3]
V  [jvm.dll+0x3c2e91]
C  [jli.dll+0x5373]
C  [ucrtbase.dll+0x21bb2]
C  [KERNEL32.DLL+0x17034]
C  [ntdll.dll+0x52651]


---------------  P R O C E S S  ---------------

Threads class SMR info:
_java_thread_list=0x00000246766938d0, length=0, elements={
}

Java Threads: ( => current thread )

Other Threads:
  0x0000024678744800 GCTaskThread "GC Thread#0" [stack: 0x0000009997300000,0x0000009997400000] [id=80]
  0x00000246787a1800 ConcurrentGCThread "G1 Main Marker" [stack: 0x0000009997400000,0x0000009997500000] [id=1844]
  0x00000246787a5000 ConcurrentGCThread "G1 Conc#0" [stack: 0x0000009997500000,0x0000009997600000] [id=7468]

[error occurred during error reporting (printing all threads), id 0xc0000005, EXCEPTION_ACCESS_VIOLATION (0xc0000005) at pc=0x00007ffdc0ec9107]

VM state:not at safepoint (not fully initialized)

VM Mutex/Monitor currently owned by a thread:  ([mutex/lock_event])
[0x0000024678727e40] Heap_lock - owner thread: 0x000002467872c000

Heap address: 0x0000000701200000, size: 4078 MB, Compressed Oops mode: Non-zero based: 0x0000000701200000
Narrow klass base: 0x0000000000000000, Narrow klass shift: 0

GC Heap History (0 events):
No events

Deoptimization events (0 events):
No events

Classes redefined (0 events):
No events

Internal exceptions (0 events):
No events

Events (1 events):
Event: 0.008 Loaded shared library C:\Program Files\Android\Android Studio\jre\bin\zip.dll


Dynamic libraries:
0x00007ff6cab80000 - 0x00007ff6cab8a000 	C:\Program Files\Android\Android Studio\jre\bin\java.exe
0x00007ffdf7a70000 - 0x00007ffdf7c65000 	C:\WINDOWS\SYSTEM32\ntdll.dll
0x00007ffdf7480000 - 0x00007ffdf753e000 	C:\WINDOWS\System32\KERNEL32.DLL
0x00007ffdf5390000 - 0x00007ffdf5658000 	C:\WINDOWS\System32\KERNELBASE.dll
0x00007ffdf5870000 - 0x00007ffdf5970000 	C:\WINDOWS\System32\ucrtbase.dll
0x00007ffde0fd0000 - 0x00007ffde0fe9000 	C:\Program Files\Android\Android Studio\jre\bin\jli.dll
0x00007ffde0be0000 - 0x00007ffde0bf7000 	C:\Program Files\Android\Android Studio\jre\bin\VCRUNTIME140.dll
0x00007ffdf6a10000 - 0x00007ffdf6bb1000 	C:\WINDOWS\System32\USER32.dll
0x00007ffddf2b0000 - 0x00007ffddf54a000 	C:\WINDOWS\WinSxS\amd64_microsoft.windows.common-controls_6595b64144ccf1df_6.0.19041.1110_none_60b5254171f9507e\COMCTL32.dll
0x00007ffdf5a80000 - 0x00007ffdf5aa2000 	C:\WINDOWS\System32\win32u.dll
0x00007ffdf5d30000 - 0x00007ffdf5dce000 	C:\WINDOWS\System32\msvcrt.dll
0x00007ffdf7730000 - 0x00007ffdf775b000 	C:\WINDOWS\System32\GDI32.dll
0x00007ffdf5970000 - 0x00007ffdf5a7d000 	C:\WINDOWS\System32\gdi32full.dll
0x00007ffdf52f0000 - 0x00007ffdf538d000 	C:\WINDOWS\System32\msvcp_win.dll
0x00007ffdf6380000 - 0x00007ffdf63b0000 	C:\WINDOWS\System32\IMM32.DLL
0x00007ffdd3b70000 - 0x00007ffdd3c0d000 	C:\Program Files\Android\Android Studio\jre\bin\msvcp140.dll
0x00007ffdc0be0000 - 0x00007ffdc16af000 	C:\Program Files\Android\Android Studio\jre\bin\server\jvm.dll
0x00007ffdf63b0000 - 0x00007ffdf645c000 	C:\WINDOWS\System32\ADVAPI32.dll
0x00007ffdf6bc0000 - 0x00007ffdf6c5b000 	C:\WINDOWS\System32\sechost.dll
0x00007ffdf5ad0000 - 0x00007ffdf5bfa000 	C:\WINDOWS\System32\RPCRT4.dll
0x00007ffdf5ab0000 - 0x00007ffdf5ab8000 	C:\WINDOWS\System32\PSAPI.DLL
0x00007ffddeec0000 - 0x00007ffddeec9000 	C:\WINDOWS\SYSTEM32\WSOCK32.dll
0x00007ffdedfc0000 - 0x00007ffdedfca000 	C:\WINDOWS\SYSTEM32\VERSION.dll
0x00007ffdf7410000 - 0x00007ffdf747b000 	C:\WINDOWS\System32\WS2_32.dll
0x00007ffde1cb0000 - 0x00007ffde1cd7000 	C:\WINDOWS\SYSTEM32\WINMM.dll
0x00007ffdf2f70000 - 0x00007ffdf2f82000 	C:\WINDOWS\SYSTEM32\kernel.appcore.dll
0x00007ffdef220000 - 0x00007ffdef231000 	C:\Program Files\Android\Android Studio\jre\bin\verify.dll
0x00007ffddb350000 - 0x00007ffddb534000 	C:\WINDOWS\SYSTEM32\DBGHELP.DLL
0x00007ffddaeb0000 - 0x00007ffddaedc000 	C:\WINDOWS\SYSTEM32\dbgcore.DLL
0x00007ffdf5230000 - 0x00007ffdf52b2000 	C:\WINDOWS\System32\bcryptPrimitives.dll
0x00007ffdd6990000 - 0x00007ffdd69b9000 	C:\Program Files\Android\Android Studio\jre\bin\java.dll
0x00007ffdf0b70000 - 0x00007ffdf0b7b000 	C:\Program Files\Android\Android Studio\jre\bin\jimage.dll
0x00007ffde9ec0000 - 0x00007ffde9ed8000 	C:\Program Files\Android\Android Studio\jre\bin\zip.dll

dbghelp: loaded successfully - version: 4.0.5 - missing functions: none
symbol engine: initialized successfully - sym options: 0x614 - pdb path: .;C:\Program Files\Android\Android Studio\jre\bin;C:\WINDOWS\SYSTEM32;C:\WINDOWS\WinSxS\amd64_microsoft.windows.common-controls_6595b64144ccf1df_6.0.19041.1110_none_60b5254171f9507e;C:\Program Files\Android\Android Studio\jre\bin\server

VM Arguments:
java_command: org.jetbrains.git4idea.http.GitAskPassApp Username for 'https://github.com': 
java_class_path (initial): C:/Program Files/Android/Android Studio/plugins/git4idea/lib/git4idea-rt.jar;C:/Program Files/Android/Android Studio/lib/xmlrpc-2.0.1.jar;C:/Program Files/Android/Android Studio/lib/commons-codec-1.14.jar
Launcher Type: SUN_STANDARD

[Global flags]
     intx CICompilerCount                          = 3                                         {product} {ergonomic}
     uint ConcGCThreads                            = 1                                         {product} {ergonomic}
     uint G1ConcRefinementThreads                  = 4                                         {product} {ergonomic}
   size_t G1HeapRegionSize                         = 1048576                                   {product} {ergonomic}
    uintx GCDrainStackTargetSize                   = 64                                        {product} {ergonomic}
   size_t InitialHeapSize                          = 268435456                                 {product} {ergonomic}
   size_t MarkStackSize                            = 4194304                                   {product} {ergonomic}
   size_t MaxHeapSize                              = 4276092928                                {product} {ergonomic}
   size_t MinHeapDeltaBytes                        = 1048576                                   {product} {ergonomic}
    uintx NonNMethodCodeHeapSize                   = 5830732                                {pd product} {ergonomic}
    uintx NonProfiledCodeHeapSize                  = 122913754                              {pd product} {ergonomic}
    uintx ProfiledCodeHeapSize                     = 122913754                              {pd product} {ergonomic}
    uintx ReservedCodeCacheSize                    = 251658240                              {pd product} {ergonomic}
     bool SegmentedCodeCache                       = true                                      {product} {ergonomic}
     bool UseCompressedClassPointers               = true                                 {lp64_product} {ergonomic}
     bool UseCompressedOops                        = true                                 {lp64_product} {ergonomic}
     bool UseG1GC                                  = true                                      {product} {ergonomic}
     bool UseLargePagesIndividualAllocation        = false                                  {pd product} {ergonomic}

Logging:
Log output configuration:
 #0: stdout all=warning uptime,level,tags
 #1: stderr all=off uptime,level,tags

Environment Variables:
PATH=C:/Program Files/Git/mingw64/libexec/git-core;C:/Program Files/Git/mingw64/libexec/git-core;C:\Program Files\Git\mingw64\bin;C:\Program Files\Git\usr\bin;C:\Users\Admin\bin;C:\Windows\system32;C:\Windows;C:\Windows\System32\Wbem;C:\Windows\System32\WindowsPowerShell\v1.0\;C:\Windows\System32\OpenSSH\;C:\Program Files\Microsoft SQL Server\130\Tools\Binn\;C:\Program Files\Microsoft SQL Server\Client SDK\ODBC\170\Tools\Binn\;C:\Program Files\NVIDIA Corporation\NVIDIA NvDLISR;C:\WINDOWS\system32;C:\WINDOWS;C:\WINDOWS\System32\Wbem;C:\WINDOWS\System32\WindowsPowerShell\v1.0\;C:\WINDOWS\System32\OpenSSH\;C:\Program Files\Git\cmd;C:\Program Files (x86)\NVIDIA Corporation\PhysX\Common;C:\Program Files (x86)\Calibre2\;C:\Program Files\Microsoft SQL Server\150\Tools\Binn\;C:\Users\Admin\AppData\Local\Microsoft\WindowsApps;C:\Users\Admin\.dotnet\tools;C:\Program Files\JetBrains\IntelliJ IDEA Community Edition 2020.3.1\bin;C:\Users\Admin\AppData\Local\Apps\cURL\bin;C:\Users\Admin\AppData\Local\atom\bin
USERNAME=Admin
DISPLAY=:0.0
LC_ALL=en_US.UTF-8
OS=Windows_NT
PROCESSOR_IDENTIFIER=Intel64 Family 6 Model 94 Stepping 3, GenuineIntel



---------------  S Y S T E M  ---------------

OS: Windows 10 , 64 bit Build 19041 (10.0.19041.1348)
OS uptime: 11 days 2:43 hours
Hyper-V role detected

CPU:total 4 (initial active 4) (4 cores per cpu, 1 threads per core) family 6 model 94 stepping 3 microcode 0xcc, cmov, cx8, fxsr, mmx, sse, sse2, sse3, ssse3, sse4.1, sse4.2, popcnt, avx, avx2, aes, clmul, erms, rtm, 3dnowpref, lzcnt, tsc, tscinvbit, bmi1, bmi2, adx, fma

Memory: 4k page, system-wide physical 16310M (1795M free)
TotalPageFile size 18314M (AvailPageFile size 158M)
current process WorkingSet (physical memory assigned to process): 10M, peak: 10M
current process commit charge ("private bytes"): 52M, peak: 307M

vm_info: OpenJDK 64-Bit Server VM (11.0.10+0-b96-7249189) for windows-amd64 JRE (11.0.10+0-b96-7249189), built on Mar 31 2021 21:44:00 by "builder" with MS VC++ 14.0 (VS2015)

END.
